[edunfts.webflow.io/index.html]
[backblue.gif]
[fade.gif]
[index.html]
[uploads-ssl.webflow.com/6174a6f1266d4a4f660ef1e7/css/edunfts.webflow.06d5eb936.css]
[ajax.googleapis.com/ajax/libs/webfont/1.6.26/webfont.js]
[uploads-ssl.webflow.com/img/webclip.png]
[uploads-ssl.webflow.com/6174a6f1266d4a4f660ef1e7/6174d18eb5b59f6fb545e916_Untitled-1.png]
[uploads-ssl.webflow.com/6174a6f1266d4a4f660ef1e7/6174a6f1266d4afdfa0ef21f_menu-icon.png]
[uploads-ssl.webflow.com/6174a6f1266d4a4f660ef1e7/6174dd9bd1bd772f18779ff7_wallet.png]
[uploads-ssl.webflow.com/6174a6f1266d4a4f660ef1e7/6174a6f1266d4a842d0ef221_store-logo@2x.png]
[d3e54v103j8qbb.cloudfront.net/js/jquery-3.5.1.min.dc5e7f18c80714.js]
[edunfts.webflow.io/index.html]
[uploads-ssl.webflow.com/6174a6f1266d4a4f660ef1e7/css/edunfts.webflow.06d5eb936.css]
[uploads-ssl.webflow.com/6174a6f1266d4a4f660ef1e7/js/webflow.08b7cfdae.js]
[edunfts.webflow.io/products.html]
[edunfts.webflow.io/signup.html]
[edunfts.webflow.io/_https_/uploads-ssl.webflow.com/6174a6f1266d4a02770ef1ef/6174e04c0f2ca0197a3e1c5d_java-60-1174953.html]
[edunfts.webflow.io/product/cs1331-hw.html]
[edunfts.webflow.io/_https_/uploads-ssl.webflow.com/6174a6f1266d4a02770ef1ef/6174e13066623353574010e0_microsoft-onenote-2019.html]
[edunfts.webflow.io/product/calc-1-unit-3-notes.html]
[edunfts.webflow.io/_https_/uploads-ssl.webflow.com/6174a6f1266d4a02770ef1ef/6174d4f659f23077186483f4_steve-welcomes-you-to-ncr.html]
[edunfts.webflow.io/product/3d-render-ncr-minecraft-steve.html]
[edunfts.webflow.io/category/category-4.html]
[edunfts.webflow.io/category/category-2.html]
[edunfts.webflow.io/category/category-3.html]
[edunfts.webflow.io/category/category-1.html]
[edunfts.webflow.io/contact.html]
